#
# There is insufficient memory for the Java Runtime Environment to continue.
# Native memory allocation (malloc) failed to allocate 1510784 bytes for Chunk::new
# Possible reasons:
#   The system is out of physical RAM or swap space
#   The process is running with CompressedOops enabled, and the Java Heap may be blocking the growth of the native heap
# Possible solutions:
#   Reduce memory load on the system
#   Increase physical memory or swap space
#   Check if swap backing store is full
#   Decrease Java heap size (-Xmx/-Xms)
#   Decrease number of Java threads
#   Decrease Java thread stack sizes (-Xss)
#   Set larger code cache with -XX:ReservedCodeCacheSize=
#   JVM is running with Unscaled Compressed Oops mode in which the Java heap is
#     placed in the first 4GB address space. The Java Heap base address is the
#     maximum limit for the native heap growth. Please use -XX:HeapBaseMinAddress
#     to set the Java Heap base and to place the Java Heap above 4GB virtual address.
# This output file may be truncated or incomplete.
#
#  Out of Memory Error (allocation.cpp:389), pid=1192, tid=0x0000000000003300
#
# JRE version: OpenJDK Runtime Environment (8.0_242-b01) (build 1.8.0_242-release-1644-b01)
# Java VM: OpenJDK 64-Bit Server VM (25.242-b01 mixed mode windows-amd64 compressed oops)
# Failed to write core dump. Minidumps are not enabled by default on client versions of Windows
#

---------------  T H R E A D  ---------------

Current thread (0x000000001784d000):  JavaThread "C2 CompilerThread1" daemon [_thread_in_native, id=13056, stack(0x0000000018f90000,0x0000000019090000)]

Stack: [0x0000000018f90000,0x0000000019090000]
[error occurred during error reporting (printing stack bounds), id 0xc0000005]

Native frames: (J=compiled Java code, j=interpreted, Vv=VM code, C=native code)


Current CompileTask:
C2:1044921 18826       4       org.objectweb.asm.ClassReader::readField (667 bytes)


---------------  P R O C E S S  ---------------

Java Threads: ( => current thread )
  0x0000000020d69000 JavaThread "Cache worker for Java compile cache (D:\Data\DATA\Mata_Kuliah\Semester_7\Asprak\PBB\Project\Modul5\IntentExIm\.gradle\6.5\javaCompile)" [_thread_in_native, id=19808, stack(0x0000000032ba0000,0x0000000032ca0000)]
  0x0000000020d68000 JavaThread "Cache worker for Java compile cache (C:\Users\badni\.gradle\caches\6.5\javaCompile)" [_thread_blocked, id=19804, stack(0x0000000032aa0000,0x0000000032ba0000)]
  0x0000000020d61800 JavaThread "RMI TCP Connection(1)-127.0.0.1" daemon [_thread_in_native, id=19468, stack(0x00000000329a0000,0x0000000032aa0000)]
  0x0000000020d65000 JavaThread "RMI Reaper" [_thread_blocked, id=19460, stack(0x00000000328a0000,0x00000000329a0000)]
  0x0000000020d67800 JavaThread "RMI TCP Accept-0" daemon [_thread_in_native, id=704, stack(0x00000000327a0000,0x00000000328a0000)]
  0x0000000020d62000 JavaThread "GC Daemon" daemon [_thread_blocked, id=1344, stack(0x0000000030b80000,0x0000000030c80000)]
  0x0000000020d60000 JavaThread "RMI RenewClean-[127.0.0.1:17205,org.jetbrains.kotlin.daemon.common.LoopbackNetworkInterface$ClientLoopbackSocketFactory@7d12f72c]" daemon [_thread_blocked, id=13436, stack(0x0000000030a80000,0x0000000030b80000)]
  0x0000000020d60800 JavaThread "RMI Scheduler(0)" daemon [_thread_blocked, id=18692, stack(0x000000002f6b0000,0x000000002f7b0000)]
  0x0000000023909000 JavaThread "WorkerExecutor Queue Thread 5" [_thread_blocked, id=6968, stack(0x0000000030780000,0x0000000030880000)]
  0x000000002390f000 JavaThread "stdout" [_thread_in_native, id=7396, stack(0x0000000030270000,0x0000000030370000)]
  0x000000002390d800 JavaThread "stderr" [_thread_in_native, id=9576, stack(0x0000000030170000,0x0000000030270000)]
  0x000000002390e800 JavaThread "stdout" [_thread_in_native, id=3540, stack(0x0000000030070000,0x0000000030170000)]
  0x000000002390b800 JavaThread "stderr" [_thread_in_native, id=19076, stack(0x000000002ff70000,0x0000000030070000)]
  0x0000000023908800 JavaThread "stdout" [_thread_in_native, id=15448, stack(0x000000002fe70000,0x000000002ff70000)]
  0x000000002390a800 JavaThread "stderr" [_thread_in_native, id=17764, stack(0x000000002fd70000,0x000000002fe70000)]
  0x000000001a48f800 JavaThread "stdout" [_thread_in_native, id=3080, stack(0x000000002fc70000,0x000000002fd70000)]
  0x000000001a496000 JavaThread "stderr" [_thread_in_native, id=17888, stack(0x000000002fb70000,0x000000002fc70000)]
  0x000000001a495800 JavaThread "pool-6-thread-1" [_thread_blocked, id=16460, stack(0x000000002f7b0000,0x000000002f8b0000)]
  0x000000001a494000 JavaThread "WorkerExecutor Queue Thread 3" [_thread_blocked, id=18388, stack(0x000000002f5b0000,0x000000002f6b0000)]
  0x000000001a491000 JavaThread "WorkerExecutor Queue Thread 2" [_thread_blocked, id=16916, stack(0x000000002f4b0000,0x000000002f5b0000)]
  0x000000001a493000 JavaThread "WorkerExecutor Queue" [_thread_blocked, id=11788, stack(0x000000002f1b0000,0x000000002f2b0000)]
  0x000000001a491800 JavaThread "Cache worker for execution history cache (D:\Data\DATA\Mata_Kuliah\Semester_7\Asprak\PBB\Project\Modul5\IntentExIm\.gradle\6.5\executionHistory)" [_thread_blocked, id=15100, stack(0x000000002eeb0000,0x000000002efb0000)]
  0x000000001a489000 JavaThread "Execution worker for ':' Thread 3" [_thread_blocked, id=3748, stack(0x000000002dd30000,0x000000002de30000)]
  0x000000001a490000 JavaThread "Execution worker for ':' Thread 2" [_thread_blocked, id=16936, stack(0x000000002c430000,0x000000002c530000)]
  0x000000001a488800 JavaThread "Execution worker for ':'" [_thread_blocked, id=1868, stack(0x000000002af30000,0x000000002b030000)]
  0x000000001a487800 JavaThread "Cache worker for file content cache (D:\Data\DATA\Mata_Kuliah\Semester_7\Asprak\PBB\Project\Modul5\IntentExIm\.gradle\6.5\fileContent)" [_thread_blocked, id=19320, stack(0x000000002aa30000,0x000000002ab30000)]
  0x000000001a48e800 JavaThread "pool-5-thread-1" [_thread_blocked, id=15060, stack(0x000000002a730000,0x000000002a830000)]
  0x000000001a48a800 JavaThread "Cache worker for Build Output Cleanup Cache (D:\Data\DATA\Mata_Kuliah\Semester_7\Asprak\PBB\Project\Modul5\IntentExIm\.gradle\buildOutputCleanup)" [_thread_blocked, id=11776, stack(0x000000002a630000,0x000000002a730000)]
  0x000000001a48e000 JavaThread "jar transforms Thread 342" [_thread_blocked, id=16340, stack(0x000000002a530000,0x000000002a630000)]
  0x000000001a48a000 JavaThread "jar transforms Thread 341" [_thread_blocked, id=16992, stack(0x000000002a430000,0x000000002a530000)]
  0x000000001a48b800 JavaThread "jar transforms Thread 340" [_thread_blocked, id=12376, stack(0x000000002a330000,0x000000002a430000)]
  0x000000001a48d000 JavaThread "jar transforms Thread 339" [_thread_blocked, id=8724, stack(0x000000002a230000,0x000000002a330000)]
  0x000000001a48c800 JavaThread "jar transforms Thread 338" [_thread_blocked, id=18628, stack(0x000000002a130000,0x000000002a230000)]
  0x00000000235e9800 JavaThread "jar transforms Thread 337" [_thread_blocked, id=15372, stack(0x000000002a030000,0x000000002a130000)]
  0x00000000235e9000 JavaThread "jar transforms Thread 336" [_thread_blocked, id=17588, stack(0x0000000029f30000,0x000000002a030000)]
  0x00000000235ee000 JavaThread "jar transforms Thread 335" [_thread_blocked, id=14916, stack(0x0000000029e30000,0x0000000029f30000)]
  0x00000000235ec000 JavaThread "jar transforms Thread 334" [_thread_blocked, id=13428, stack(0x0000000029d30000,0x0000000029e30000)]
  0x00000000235e7800 JavaThread "jar transforms Thread 333" [_thread_blocked, id=18444, stack(0x0000000029c30000,0x0000000029d30000)]
  0x00000000235eb000 JavaThread "jar transforms Thread 332" [_thread_blocked, id=19032, stack(0x0000000029b30000,0x0000000029c30000)]
  0x00000000235ea800 JavaThread "jar transforms Thread 331" [_thread_blocked, id=17024, stack(0x0000000029a30000,0x0000000029b30000)]
  0x00000000235ed800 JavaThread "jar transforms Thread 330" [_thread_blocked, id=18684, stack(0x0000000029930000,0x0000000029a30000)]
  0x00000000235ec800 JavaThread "jar transforms Thread 329" [_thread_blocked, id=8796, stack(0x0000000029830000,0x0000000029930000)]
  0x00000000235e1800 JavaThread "jar transforms Thread 328" [_thread_blocked, id=7072, stack(0x0000000029730000,0x0000000029830000)]
  0x00000000235e6800 JavaThread "jar transforms Thread 327" [_thread_blocked, id=18008, stack(0x0000000029630000,0x0000000029730000)]
  0x00000000235e6000 JavaThread "jar transforms Thread 326" [_thread_blocked, id=11828, stack(0x0000000029530000,0x0000000029630000)]
  0x00000000235e8000 JavaThread "jar transforms Thread 325" [_thread_blocked, id=18356, stack(0x0000000029430000,0x0000000029530000)]
  0x00000000235e5000 JavaThread "jar transforms Thread 324" [_thread_blocked, id=12840, stack(0x0000000029330000,0x0000000029430000)]
  0x00000000235e4800 JavaThread "jar transforms Thread 323" [_thread_blocked, id=4292, stack(0x0000000029230000,0x0000000029330000)]
  0x00000000235e2000 JavaThread "jar transforms Thread 322" [_thread_blocked, id=11672, stack(0x0000000029130000,0x0000000029230000)]
  0x00000000235e3800 JavaThread "jar transforms Thread 321" [_thread_blocked, id=7012, stack(0x0000000029030000,0x0000000029130000)]
  0x00000000235e3000 JavaThread "jar transforms Thread 320" [_thread_blocked, id=16072, stack(0x0000000028f30000,0x0000000029030000)]
  0x00000000235e0800 JavaThread "jar transforms Thread 319" [_thread_blocked, id=16316, stack(0x0000000028e30000,0x0000000028f30000)]
  0x00000000235df000 JavaThread "jar transforms Thread 318" [_thread_blocked, id=15256, stack(0x0000000028d30000,0x0000000028e30000)]
  0x00000000235e0000 JavaThread "jar transforms Thread 317" [_thread_blocked, id=17728, stack(0x0000000028c30000,0x0000000028d30000)]
  0x0000000019c8e800 JavaThread "jar transforms Thread 316" [_thread_blocked, id=996, stack(0x0000000028b30000,0x0000000028c30000)]
  0x0000000019c91800 JavaThread "jar transforms Thread 315" [_thread_blocked, id=7104, stack(0x0000000028a30000,0x0000000028b30000)]
  0x0000000019c8d800 JavaThread "jar transforms Thread 314" [_thread_blocked, id=10476, stack(0x0000000028930000,0x0000000028a30000)]
  0x0000000019c90000 JavaThread "jar transforms Thread 313" [_thread_blocked, id=13252, stack(0x0000000028830000,0x0000000028930000)]
  0x0000000019c92000 JavaThread "jar transforms Thread 312" [_thread_blocked, id=7660, stack(0x0000000028730000,0x0000000028830000)]
  0x0000000019c8f000 JavaThread "jar transforms Thread 311" [_thread_blocked, id=2824, stack(0x0000000028630000,0x0000000028730000)]
  0x0000000019c8d000 JavaThread "jar transforms Thread 310" [_thread_blocked, id=2384, stack(0x0000000028530000,0x0000000028630000)]
  0x0000000019c90800 JavaThread "jar transforms Thread 309" [_thread_blocked, id=12876, stack(0x0000000028430000,0x0000000028530000)]
  0x0000000019c85800 JavaThread "jar transforms Thread 308" [_thread_blocked, id=12744, stack(0x0000000028330000,0x0000000028430000)]
  0x0000000019c88800 JavaThread "jar transforms Thread 307" [_thread_blocked, id=17556, stack(0x0000000028230000,0x0000000028330000)]
  0x0000000019c8c000 JavaThread "jar transforms Thread 306" [_thread_blocked, id=9932, stack(0x0000000028130000,0x0000000028230000)]
  0x0000000019c8b800 JavaThread "jar transforms Thread 305" [_thread_blocked, id=8632, stack(0x0000000028030000,0x0000000028130000)]
  0x0000000019c87000 JavaThread "jar transforms Thread 304" [_thread_blocked, id=1400, stack(0x0000000027f30000,0x0000000028030000)]
  0x0000000019c86000 JavaThread "jar transforms Thread 303" [_thread_blocked, id=14792, stack(0x0000000027e30000,0x0000000027f30000)]
  0x0000000019c8a800 JavaThread "jar transforms Thread 302" [_thread_blocked, id=17072, stack(0x0000000027d30000,0x0000000027e30000)]
  0x0000000019c83000 JavaThread "jar transforms Thread 301" [_thread_blocked, id=6244, stack(0x0000000027c30000,0x0000000027d30000)]
  0x0000000019c87800 JavaThread "jar transforms Thread 300" [_thread_blocked, id=9268, stack(0x0000000027b30000,0x0000000027c30000)]
  0x0000000019c84000 JavaThread "jar transforms Thread 299" [_thread_blocked, id=5512, stack(0x0000000027a30000,0x0000000027b30000)]
  0x0000000019c84800 JavaThread "jar transforms Thread 298" [_thread_blocked, id=18392, stack(0x0000000027930000,0x0000000027a30000)]
  0x0000000019c8a000 JavaThread "jar transforms Thread 297" [_thread_blocked, id=14420, stack(0x0000000027830000,0x0000000027930000)]
  0x0000000019c89000 JavaThread "jar transforms Thread 296" [_thread_blocked, id=15212, stack(0x0000000027730000,0x0000000027830000)]
  0x000000001b277000 JavaThread "jar transforms Thread 295" [_thread_blocked, id=6052, stack(0x0000000027630000,0x0000000027730000)]
  0x000000001b276000 JavaThread "jar transforms Thread 294" [_thread_blocked, id=17352, stack(0x0000000027530000,0x0000000027630000)]
  0x000000001b273000 JavaThread "jar transforms Thread 293" [_thread_blocked, id=10456, stack(0x0000000027430000,0x0000000027530000)]
  0x000000001b275800 JavaThread "jar transforms Thread 292" [_thread_blocked, id=12492, stack(0x0000000027330000,0x0000000027430000)]
  0x000000001b271800 JavaThread "jar transforms Thread 291" [_thread_blocked, id=3876, stack(0x0000000027230000,0x0000000027330000)]
  0x000000001b271000 JavaThread "jar transforms Thread 290" [_thread_blocked, id=11576, stack(0x0000000027130000,0x0000000027230000)]
  0x000000001b274800 JavaThread "jar transforms Thread 289" [_thread_blocked, id=6892, stack(0x0000000027030000,0x0000000027130000)]
  0x000000001b277800 JavaThread "jar transforms Thread 288" [_thread_blocked, id=8412, stack(0x0000000026f30000,0x0000000027030000)]
  0x000000001a178800 JavaThread "jar transforms Thread 287" [_thread_blocked, id=14664, stack(0x0000000026e30000,0x0000000026f30000)]
  0x000000001a17e800 JavaThread "jar transforms Thread 286" [_thread_blocked, id=17264, stack(0x0000000026d30000,0x0000000026e30000)]
  0x000000001a177000 JavaThread "jar transforms Thread 285" [_thread_blocked, id=9332, stack(0x0000000026c30000,0x0000000026d30000)]
  0x000000001a17d000 JavaThread "jar transforms Thread 284" [_thread_blocked, id=16796, stack(0x0000000026b30000,0x0000000026c30000)]
  0x000000001a177800 JavaThread "jar transforms Thread 283" [_thread_blocked, id=14716, stack(0x0000000026a30000,0x0000000026b30000)]
  0x000000001a179000 JavaThread "jar transforms Thread 282" [_thread_blocked, id=16956, stack(0x0000000026930000,0x0000000026a30000)]
  0x000000001a17c000 JavaThread "jar transforms Thread 281" [_thread_blocked, id=14876, stack(0x0000000026830000,0x0000000026930000)]
  0x000000001a16f800 JavaThread "jar transforms Thread 280" [_thread_blocked, id=17852, stack(0x0000000026730000,0x0000000026830000)]
  0x000000001a175800 JavaThread "jar transforms Thread 279" [_thread_blocked, id=19432, stack(0x0000000026630000,0x0000000026730000)]
  0x000000001a174800 JavaThread "jar transforms Thread 278" [_thread_blocked, id=13788, stack(0x0000000026530000,0x0000000026630000)]
  0x000000001a172800 JavaThread "jar transforms Thread 277" [_thread_blocked, id=6216, stack(0x0000000026430000,0x0000000026530000)]
  0x000000001a171800 JavaThread "jar transforms Thread 276" [_thread_blocked, id=12224, stack(0x0000000026330000,0x0000000026430000)]
  0x000000001a171000 JavaThread "jar transforms Thread 275" [_thread_blocked, id=6868, stack(0x0000000026230000,0x0000000026330000)]
  0x000000001a170000 JavaThread "jar transforms Thread 274" [_thread_blocked, id=9188, stack(0x0000000026130000,0x0000000026230000)]
  0x000000001a174000 JavaThread "jar transforms Thread 273" [_thread_blocked, id=2780, stack(0x0000000026030000,0x0000000026130000)]
  0x000000001a176000 JavaThread "jar transforms Thread 272" [_thread_blocked, id=11772, stack(0x0000000025f30000,0x0000000026030000)]
  0x000000001a173000 JavaThread "jar transforms Thread 271" [_thread_blocked, id=116, stack(0x0000000025e30000,0x0000000025f30000)]
  0x000000001aa68000 JavaThread "jar transforms Thread 270" [_thread_blocked, id=16508, stack(0x0000000025d30000,0x0000000025e30000)]
  0x000000001aa66800 JavaThread "jar transforms Thread 269" [_thread_blocked, id=12652, stack(0x0000000025c30000,0x0000000025d30000)]
  0x000000001aa65800 JavaThread "jar transforms Thread 268" [_thread_blocked, id=11412, stack(0x0000000025b30000,0x0000000025c30000)]
  0x000000001aa65000 JavaThread "jar transforms Thread 267" [_thread_blocked, id=16544, stack(0x0000000025a30000,0x0000000025b30000)]
  0x000000001aa6b000 JavaThread "jar transforms Thread 266" [_thread_blocked, id=3576, stack(0x0000000025930000,0x0000000025a30000)]
  0x000000001aa69800 JavaThread "jar transforms Thread 265" [_thread_blocked, id=14692, stack(0x0000000025830000,0x0000000025930000)]
  0x000000001aa67000 JavaThread "jar transforms Thread 264" [_thread_blocked, id=18716, stack(0x0000000025730000,0x0000000025830000)]
  0x000000001aa6a000 JavaThread "jar transforms Thread 263" [_thread_blocked, id=10580, stack(0x0000000025630000,0x0000000025730000)]
  0x000000001aa68800 JavaThread "jar transforms Thread 262" [_thread_blocked, id=1720, stack(0x0000000025530000,0x0000000025630000)]
  0x000000001aa5f800 JavaThread "jar transforms Thread 261" [_thread_blocked, id=4076, stack(0x0000000025430000,0x0000000025530000)]
  0x000000001aa64000 JavaThread "jar transforms Thread 260" [_thread_blocked, id=4604, stack(0x0000000025330000,0x0000000025430000)]
  0x000000001aa61000 JavaThread "jar transforms Thread 259" [_thread_blocked, id=15796, stack(0x0000000025230000,0x0000000025330000)]
  0x000000001aa5c800 JavaThread "jar transforms Thread 258" [_thread_blocked, id=19092, stack(0x0000000025130000,0x0000000025230000)]
  0x000000001aa5d000 JavaThread "jar transforms Thread 257" [_thread_blocked, id=14436, stack(0x0000000025030000,0x0000000025130000)]
  0x000000001aa5e000 JavaThread "jar transforms Thread 256" [_thread_blocked, id=16528, stack(0x0000000024f30000,0x0000000025030000)]
  0x000000001aa63000 JavaThread "jar transforms Thread 255" [_thread_blocked, id=8116, stack(0x0000000024e30000,0x0000000024f30000)]
  0x000000001aa60000 JavaThread "jar transforms Thread 254" [_thread_blocked, id=6536, stack(0x0000000024d30000,0x0000000024e30000)]
  0x000000001aa62800 JavaThread "jar transforms Thread 253" [_thread_blocked, id=4424, stack(0x0000000024c30000,0x0000000024d30000)]
  0x000000001aa5e800 JavaThread "jar transforms Thread 252" [_thread_blocked, id=16624, stack(0x0000000024b30000,0x0000000024c30000)]
  0x000000002ce15800 JavaThread "jar transforms Thread 251" [_thread_blocked, id=14928, stack(0x0000000024a30000,0x0000000024b30000)]
  0x000000002ce14800 JavaThread "jar transforms Thread 250" [_thread_blocked, id=18960, stack(0x0000000024930000,0x0000000024a30000)]
  0x000000002ce18800 JavaThread "jar transforms Thread 249" [_thread_blocked, id=2212, stack(0x0000000023040000,0x0000000023140000)]
  0x000000002ce14000 JavaThread "jar transforms Thread 248" [_thread_blocked, id=13936, stack(0x0000000022740000,0x0000000022840000)]
  0x000000002ce17800 JavaThread "jar transforms Thread 247" [_thread_blocked, id=11752, stack(0x0000000022640000,0x0000000022740000)]
  0x000000002ce1a000 JavaThread "jar transforms Thread 246" [_thread_blocked, id=4972, stack(0x0000000022540000,0x0000000022640000)]
  0x000000002ce19000 JavaThread "jar transforms Thread 245" [_thread_blocked, id=14680, stack(0x0000000022240000,0x0000000022340000)]
  0x000000002ce16000 JavaThread "jar transforms Thread 244" [_thread_blocked, id=3348, stack(0x0000000022140000,0x0000000022240000)]
  0x000000002ce17000 JavaThread "jar transforms Thread 243" [_thread_blocked, id=3704, stack(0x0000000022040000,0x0000000022140000)]
  0x000000002ce11000 JavaThread "jar transforms Thread 242" [_thread_blocked, id=14900, stack(0x0000000021f40000,0x0000000022040000)]
  0x000000002ce13000 JavaThread "jar transforms Thread 241" [_thread_blocked, id=17420, stack(0x0000000021e40000,0x0000000021f40000)]
  0x000000002ce0b800 JavaThread "jar transforms Thread 240" [_thread_blocked, id=4656, stack(0x0000000021d40000,0x0000000021e40000)]
  0x000000002ce0f800 JavaThread "jar transforms Thread 239" [_thread_blocked, id=8092, stack(0x0000000021c40000,0x0000000021d40000)]
  0x000000002ce0e800 JavaThread "jar transforms Thread 238" [_thread_blocked, id=12384, stack(0x0000000021b40000,0x0000000021c40000)]
  0x000000002ce10000 JavaThread "jar transforms Thread 237" [_thread_blocked, id=11280, stack(0x0000000021a40000,0x0000000021b40000)]
  0x000000002ce0e000 JavaThread "jar transforms Thread 236" [_thread_blocked, id=3884, stack(0x0000000021940000,0x0000000021a40000)]
  0x000000002ce12800 JavaThread "jar transforms Thread 235" [_thread_blocked, id=1580, stack(0x0000000021840000,0x0000000021940000)]
  0x000000002ce0d000 JavaThread "jar transforms Thread 234" [_thread_blocked, id=11964, stack(0x0000000021740000,0x0000000021840000)]
  0x000000002ce11800 JavaThread "jar transforms Thread 233" [_thread_blocked, id=7024, stack(0x0000000021640000,0x0000000021740000)]
  0x000000001b82a000 JavaThread "jar transforms Thread 232" [_thread_blocked, id=19104, stack(0x0000000021540000,0x0000000021640000)]
  0x000000001b828800 JavaThread "jar transforms Thread 231" [_thread_blocked, id=12748, stack(0x00000000211b0000,0x00000000212b0000)]
  0x000000001b829000 JavaThread "jar transforms Thread 230" [_thread_blocked, id=18148, stack(0x00000000210b0000,0x00000000211b0000)]
  0x000000001b827800 JavaThread "jar transforms Thread 229" [_thread_blocked, id=15028, stack(0x0000000020fb0000,0x00000000210b0000)]
  0x000000001b827000 JavaThread "Build operations Thread 4" [_thread_blocked, id=17860, stack(0x000000001fe50000,0x000000001ff50000)]
  0x000000001b826000 JavaThread "Build operations Thread 3" [_thread_blocked, id=5840, stack(0x000000001fd50000,0x000000001fe50000)]
  0x000000001b81e800 JavaThread "Build operations Thread 2" [_thread_blocked, id=17596, stack(0x000000001fc50000,0x000000001fd50000)]
  0x000000001b824800 JavaThread "Build operations" [_thread_blocked, id=9936, stack(0x000000001fb50000,0x000000001fc50000)]
  0x000000001b824000 JavaThread "Cache worker for cache directory md-rule (C:\Users\badni\.gradle\caches\6.5\md-rule)" [_thread_blocked, id=9916, stack(0x000000001d2b0000,0x000000001d3b0000)]
  0x000000001b825800 JavaThread "Cache worker for cache directory md-supplier (C:\Users\badni\.gradle\caches\6.5\md-supplier)" [_thread_blocked, id=11276, stack(0x000000001d1b0000,0x000000001d2b0000)]
  0x000000001b81f000 JavaThread "Cache worker for checksums cache (D:\Data\DATA\Mata_Kuliah\Semester_7\Asprak\PBB\Project\Modul5\IntentExIm\.gradle\checksums)" [_thread_blocked, id=7784, stack(0x000000001d0b0000,0x000000001d1b0000)]
  0x000000001b820000 JavaThread "Cache worker for file hash cache (D:\Data\DATA\Mata_Kuliah\Semester_7\Asprak\PBB\Project\Modul5\IntentExIm\.gradle\6.5\fileHashes)" [_thread_blocked, id=16492, stack(0x000000001cfb0000,0x000000001d0b0000)]
  0x000000001b823000 JavaThread "Thread-281" [_thread_blocked, id=4940, stack(0x000000001ceb0000,0x000000001cfb0000)]
  0x000000001b81b800 JavaThread "Stdin handler" [_thread_blocked, id=6612, stack(0x000000001cdb0000,0x000000001ceb0000)]
  0x000000001b81d800 JavaThread "Asynchronous log dispatcher for DefaultDaemonConnection: socket connection from /127.0.0.1:49349 to /127.0.0.1:49405" [_thread_blocked, id=6428, stack(0x000000001ccb0000,0x000000001cdb0000)]
  0x000000001b821800 JavaThread "Daemon worker Thread 3" [_thread_blocked, id=17016, stack(0x000000001c670000,0x000000001c770000)]
  0x000000001b822800 JavaThread "Cancel handler" [_thread_blocked, id=13940, stack(0x000000001c570000,0x000000001c670000)]
  0x000000001b81a800 JavaThread "Handler for socket connection from /127.0.0.1:49349 to /127.0.0.1:49405" [_thread_in_native, id=5188, stack(0x0000000001040000,0x0000000001140000)]
  0x000000001b81d000 JavaThread "Daemon Thread 3" [_thread_blocked, id=14564, stack(0x0000000000f40000,0x0000000001040000)]
  0x000000002ce0b000 JavaThread "Memory manager" [_thread_blocked, id=17896, stack(0x000000002c330000,0x000000002c430000)]
  0x000000001a17a000 JavaThread "Cache worker for file content cache (C:\Users\badni\.gradle\caches\6.5\fileContent)" [_thread_blocked, id=14924, stack(0x0000000022f40000,0x0000000023040000)]
  0x000000001a17b800 JavaThread "Cache worker for execution history cache (C:\Users\badni\.gradle\caches\6.5\executionHistory)" [_thread_blocked, id=7804, stack(0x0000000022a40000,0x0000000022b40000)]
  0x000000001b272800 JavaThread "Cache worker for file hash cache (C:\Users\badni\.gradle\caches\6.5\fileHashes)" [_thread_blocked, id=8524, stack(0x000000001d8b0000,0x000000001d9b0000)]
  0x000000001b274000 JavaThread "File lock request listener" [_thread_in_native, id=10756, stack(0x000000001d7b0000,0x000000001d8b0000)]
  0x000000001b281000 JavaThread "Cache worker for journal cache (C:\Users\badni\.gradle\caches\journal-1)" [_thread_blocked, id=10204, stack(0x000000001d5b0000,0x000000001d6b0000)]
  0x000000001b1d2800 JavaThread "Daemon periodic checks" [_thread_blocked, id=19080, stack(0x000000001c9b0000,0x000000001cab0000)]
  0x000000001b1af000 JavaThread "Incoming local TCP Connector on port 49349" [_thread_in_native, id=14416, stack(0x000000001c770000,0x000000001c870000)]
  0x000000001b0f3000 JavaThread "Daemon health stats" [_thread_blocked, id=14912, stack(0x000000001c130000,0x000000001c230000)]
  0x00000000191b8800 JavaThread "Service Thread" daemon [_thread_blocked, id=4032, stack(0x0000000019590000,0x0000000019690000)]
  0x0000000017854000 JavaThread "C1 CompilerThread2" daemon [_thread_blocked, id=7592, stack(0x0000000019090000,0x0000000019190000)]
=>0x000000001784d000 JavaThread "C2 CompilerThread1" daemon [_thread_in_native, id=13056, stack(0x0000000018f90000,0x0000000019090000)]
  0x000000001784a000 JavaThread "C2 CompilerThread0" daemon [_thread_blocked, id=12216, stack(0x0000000018e90000,0x0000000018f90000)]
  0x0000000017848000 JavaThread "Attach Listener" daemon [_thread_blocked, id=19040, stack(0x0000000018d90000,0x0000000018e90000)]
  0x0000000017844800 JavaThread "Signal Dispatcher" daemon [_thread_blocked, id=16188, stack(0x0000000018c90000,0x0000000018d90000)]
  0x0000000002c1c800 JavaThread "Finalizer" daemon [_thread_blocked, id=5808, stack(0x0000000018a90000,0x0000000018b90000)]
  0x0000000017829000 JavaThread "Reference Handler" daemon [_thread_blocked, id=6108, stack(0x0000000018990000,0x0000000018a90000)]
  0x0000000002b22800 JavaThread "main" [_thread_blocked, id=19408, stack(0x0000000002a20000,0x0000000002b20000)]

Other Threads:
  0x0000000017807000 VMThread [stack: 0x0000000018890000,0x0000000018990000] [id=17844]
  0x00000000191bb000 WatcherThread [stack: 0x0000000019690000,0x0000000019790000] [id=8888]

VM state:not at safepoint (normal execution)

VM Mutex/Monitor currently owned by a thread: None

heap address: 0x0000000080000000, size: 2048 MB, Compressed Oops mode: 32-bit
Narrow klass base: 0x0000000000000000, Narrow klass shift: 3
Compressed class space size: 1073741824 Address: 0x0000000100000000

Heap:
 PSYoungGen      total 515584K, used 449968K [0x00000000d5580000, 0x00000000ffe00000, 0x0000000100000000)
  eden space 472064K, 86% used [0x00000000d5580000,0x00000000ee272b28,0x00000000f2280000)
  from space 43520K, 99% used [0x00000000f2280000,0x00000000f4cf95b8,0x00000000f4d00000)
  to   space 64000K, 0% used [0x00000000fbf80000,0x00000000fbf80000,0x00000000ffe00000)
 ParOldGen       total 237056K, used 113012K [0x0000000080000000, 0x000000008e780000, 0x00000000d5580000)
  object space 237056K, 47% used [0x0000000080000000,0x0000000086e5d040,0x000000008e780000)
 Metaspace       used 107474K, capacity 113220K, committed 113428K, reserved 1146880K
  class space    used 14228K, capacity 15367K, committed 15420K, reserved 1048576K

Card table byte_map: [0x0000000011fe0000,0x00000000123f0000] byte_map_base: 0x0000000011be0000

Marking Bits: (ParMarkBitMap*) 0x00000000652bf030
 Begin Bits: [0x0000000012aa0000, 0x0000000014aa0000)
 End Bits:   [0x0000000014aa0000, 0x0000000016aa0000)

Polling page: 0x0000000002990000

CodeCache: size=245760Kb used=49620Kb max_used=49660Kb free=196139Kb
 bounds [0x0000000002c20000, 0x0000000005cf0000, 0x0000000011c20000]
 total_blobs=16372 nmethods=15452 adapters=832
 compilation: enabled

Compilation events (10 events):
Event: 1044.889 Thread 0x0000000017854000 nmethod 18883 0x0000000004774310 code [0x0000000004774460, 0x00000000047745b0]
Event: 1044.889 Thread 0x0000000017854000 18884       1       org.gradle.cache.internal.btree.BTreePersistentIndexedCache::access$1500 (5 bytes)
Event: 1044.889 Thread 0x0000000017854000 nmethod 18884 0x0000000004774050 code [0x00000000047741a0, 0x0000000004774290]
Event: 1044.890 Thread 0x0000000017854000 18885       3       java.util.AbstractSet::removeAll (97 bytes)
Event: 1044.890 Thread 0x0000000017854000 nmethod 18885 0x00000000041d5450 code [0x00000000041d56a0, 0x00000000041d63d8]
Event: 1044.910 Thread 0x0000000017854000 18886       3       it.unimi.dsi.fastutil.ints.IntOpenHashSet::isEmpty (13 bytes)
Event: 1044.910 Thread 0x0000000017854000 nmethod 18886 0x000000000541cd90 code [0x000000000541cee0, 0x000000000541d090]
Event: 1044.911 Thread 0x0000000017854000 18887       3       org.gradle.api.internal.file.AbstractFileTreeElement::<init> (10 bytes)
Event: 1044.912 Thread 0x0000000017854000 nmethod 18887 0x000000000541c9d0 code [0x000000000541cb20, 0x000000000541ccf0]
Event: 1044.912 Thread 0x000000001784a000 18888       4       org.objectweb.asm.ClassReader::readUtf (44 bytes)

GC Heap History (10 events):
Event: 15.702 GC heap before
{Heap before GC invocations=13 (full 3):
 PSYoungGen      total 340992K, used 324096K [0x00000000d5580000, 0x00000000f1300000, 0x0000000100000000)
  eden space 324096K, 100% used [0x00000000d5580000,0x00000000e9200000,0x00000000e9200000)
  from space 16896K, 0% used [0x00000000e9200000,0x00000000e9200000,0x00000000ea280000)
  to   space 24064K, 0% used [0x00000000efb80000,0x00000000efb80000,0x00000000f1300000)
 ParOldGen       total 150528K, used 42218K [0x0000000080000000, 0x0000000089300000, 0x00000000d5580000)
  object space 150528K, 28% used [0x0000000080000000,0x000000008293aae0,0x0000000089300000)
 Metaspace       used 74502K, capacity 78098K, committed 78356K, reserved 1116160K
  class space    used 10260K, capacity 10978K, committed 11068K, reserved 1048576K
Event: 15.735 GC heap after
Heap after GC invocations=13 (full 3):
 PSYoungGen      total 425984K, used 24046K [0x00000000d5580000, 0x00000000f1d00000, 0x0000000100000000)
  eden space 401920K, 0% used [0x00000000d5580000,0x00000000d5580000,0x00000000ede00000)
  from space 24064K, 99% used [0x00000000efb80000,0x00000000f12fb918,0x00000000f1300000)
  to   space 30208K, 0% used [0x00000000ede00000,0x00000000ede00000,0x00000000efb80000)
 ParOldGen       total 150528K, used 49534K [0x0000000080000000, 0x0000000089300000, 0x00000000d5580000)
  object space 150528K, 32% used [0x0000000080000000,0x000000008305f9a0,0x0000000089300000)
 Metaspace       used 74502K, capacity 78098K, committed 78356K, reserved 1116160K
  class space    used 10260K, capacity 10978K, committed 11068K, reserved 1048576K
}
Event: 325.780 GC heap before
{Heap before GC invocations=14 (full 3):
 PSYoungGen      total 425984K, used 425966K [0x00000000d5580000, 0x00000000f1d00000, 0x0000000100000000)
  eden space 401920K, 100% used [0x00000000d5580000,0x00000000ede00000,0x00000000ede00000)
  from space 24064K, 99% used [0x00000000efb80000,0x00000000f12fb918,0x00000000f1300000)
  to   space 30208K, 0% used [0x00000000ede00000,0x00000000ede00000,0x00000000efb80000)
 ParOldGen       total 150528K, used 49534K [0x0000000080000000, 0x0000000089300000, 0x00000000d5580000)
  object space 150528K, 32% used [0x0000000080000000,0x000000008305f9a0,0x0000000089300000)
 Metaspace       used 90926K, capacity 95728K, committed 96020K, reserved 1132544K
  class space    used 12066K, capacity 13042K, committed 13116K, reserved 1048576K
Event: 325.819 GC heap after
Heap after GC invocations=14 (full 3):
 PSYoungGen      total 432128K, used 30201K [0x00000000d5580000, 0x00000000f8400000, 0x0000000100000000)
  eden space 401920K, 0% used [0x00000000d5580000,0x00000000d5580000,0x00000000ede00000)
  from space 30208K, 99% used [0x00000000ede00000,0x00000000efb7e668,0x00000000efb80000)
  to   space 42496K, 0% used [0x00000000f5a80000,0x00000000f5a80000,0x00000000f8400000)
 ParOldGen       total 150528K, used 70742K [0x0000000080000000, 0x0000000089300000, 0x00000000d5580000)
  object space 150528K, 46% used [0x0000000080000000,0x0000000084515ba0,0x0000000089300000)
 Metaspace       used 90926K, capacity 95728K, committed 96020K, reserved 1132544K
  class space    used 12066K, capacity 13042K, committed 13116K, reserved 1048576K
}
Event: 1020.017 GC heap before
{Heap before GC invocations=15 (full 3):
 PSYoungGen      total 432128K, used 236841K [0x00000000d5580000, 0x00000000f8400000, 0x0000000100000000)
  eden space 401920K, 51% used [0x00000000d5580000,0x00000000e1f4bfe0,0x00000000ede00000)
  from space 30208K, 99% used [0x00000000ede00000,0x00000000efb7e668,0x00000000efb80000)
  to   space 42496K, 0% used [0x00000000f5a80000,0x00000000f5a80000,0x00000000f8400000)
 ParOldGen       total 150528K, used 70742K [0x0000000080000000, 0x0000000089300000, 0x00000000d5580000)
  object space 150528K, 46% used [0x0000000080000000,0x0000000084515ba0,0x0000000089300000)
 Metaspace       used 93263K, capacity 98242K, committed 98324K, reserved 1134592K
  class space    used 12337K, capacity 13365K, committed 13372K, reserved 1048576K
Event: 1020.103 GC heap after
Heap after GC invocations=15 (full 3):
 PSYoungGen      total 501760K, used 27344K [0x00000000d5580000, 0x00000000f7780000, 0x0000000100000000)
  eden space 472064K, 0% used [0x00000000d5580000,0x00000000d5580000,0x00000000f2280000)
  from space 29696K, 92% used [0x00000000f5a80000,0x00000000f75342b8,0x00000000f7780000)
  to   space 43520K, 0% used [0x00000000f2280000,0x00000000f2280000,0x00000000f4d00000)
 ParOldGen       total 150528K, used 92126K [0x0000000080000000, 0x0000000089300000, 0x00000000d5580000)
  object space 150528K, 61% used [0x0000000080000000,0x00000000859f7808,0x0000000089300000)
 Metaspace       used 93263K, capacity 98242K, committed 98324K, reserved 1134592K
  class space    used 12337K, capacity 13365K, committed 13372K, reserved 1048576K
}
Event: 1020.103 GC heap before
{Heap before GC invocations=16 (full 4):
 PSYoungGen      total 501760K, used 27344K [0x00000000d5580000, 0x00000000f7780000, 0x0000000100000000)
  eden space 472064K, 0% used [0x00000000d5580000,0x00000000d5580000,0x00000000f2280000)
  from space 29696K, 92% used [0x00000000f5a80000,0x00000000f75342b8,0x00000000f7780000)
  to   space 43520K, 0% used [0x00000000f2280000,0x00000000f2280000,0x00000000f4d00000)
 ParOldGen       total 150528K, used 92126K [0x0000000080000000, 0x0000000089300000, 0x00000000d5580000)
  object space 150528K, 61% used [0x0000000080000000,0x00000000859f7808,0x0000000089300000)
 Metaspace       used 93263K, capacity 98242K, committed 98324K, reserved 1134592K
  class space    used 12337K, capacity 13365K, committed 13372K, reserved 1048576K
Event: 1020.558 GC heap after
Heap after GC invocations=16 (full 4):
 PSYoungGen      total 501760K, used 0K [0x00000000d5580000, 0x00000000f7780000, 0x0000000100000000)
  eden space 472064K, 0% used [0x00000000d5580000,0x00000000d5580000,0x00000000f2280000)
  from space 29696K, 0% used [0x00000000f5a80000,0x00000000f5a80000,0x00000000f7780000)
  to   space 43520K, 0% used [0x00000000f2280000,0x00000000f2280000,0x00000000f4d00000)
 ParOldGen       total 237056K, used 76799K [0x0000000080000000, 0x000000008e780000, 0x00000000d5580000)
  object space 237056K, 32% used [0x0000000080000000,0x0000000084affda8,0x000000008e780000)
 Metaspace       used 93045K, capacity 97594K, committed 98324K, reserved 1134592K
  class space    used 12269K, capacity 13223K, committed 13372K, reserved 1048576K
}
Event: 1028.205 GC heap before
{Heap before GC invocations=17 (full 4):
 PSYoungGen      total 501760K, used 472064K [0x00000000d5580000, 0x00000000f7780000, 0x0000000100000000)
  eden space 472064K, 100% used [0x00000000d5580000,0x00000000f2280000,0x00000000f2280000)
  from space 29696K, 0% used [0x00000000f5a80000,0x00000000f5a80000,0x00000000f7780000)
  to   space 43520K, 0% used [0x00000000f2280000,0x00000000f2280000,0x00000000f4d00000)
 ParOldGen       total 237056K, used 76799K [0x0000000080000000, 0x000000008e780000, 0x00000000d5580000)
  object space 237056K, 32% used [0x0000000080000000,0x0000000084affda8,0x000000008e780000)
 Metaspace       used 101571K, capacity 106682K, committed 107028K, reserved 1142784K
  class space    used 13459K, capacity 14513K, committed 14652K, reserved 1048576K
Event: 1028.287 GC heap after
Heap after GC invocations=17 (full 4):
 PSYoungGen      total 515584K, used 43493K [0x00000000d5580000, 0x00000000ffe00000, 0x0000000100000000)
  eden space 472064K, 0% used [0x00000000d5580000,0x00000000d5580000,0x00000000f2280000)
  from space 43520K, 99% used [0x00000000f2280000,0x00000000f4cf95b8,0x00000000f4d00000)
  to   space 64000K, 0% used [0x00000000fbf80000,0x00000000fbf80000,0x00000000ffe00000)
 ParOldGen       total 237056K, used 113012K [0x0000000080000000, 0x000000008e780000, 0x00000000d5580000)
  object space 237056K, 47% used [0x0000000080000000,0x0000000086e5d040,0x000000008e780000)
 Metaspace       used 101571K, capacity 106682K, committed 107028K, reserved 1142784K
  class space    used 13459K, capacity 14513K, committed 14652K, reserved 1048576K
}

Deoptimization events (10 events):
Event: 1044.420 Thread 0x000000001a488800 Uncommon trap: reason=unstable_if action=reinterpret pc=0x0000000005c8fdd0 method=org.objectweb.asm.ClassReader.readUtf(II[C)Ljava/lang/String; @ 41
Event: 1044.421 Thread 0x000000001a488800 Uncommon trap: reason=unstable_if action=reinterpret pc=0x0000000005ccc248 method=com.google.common.collect.ImmutableSortedSet.construct(Ljava/util/Comparator;I[Ljava/lang/Object;)Lcom/google/common/collect/ImmutableSortedSet; @ 1
Event: 1044.422 Thread 0x000000001a488800 Uncommon trap: reason=unstable_if action=reinterpret pc=0x0000000003e121e4 method=org.objectweb.asm.ClassReader.readUtf(II[C)Ljava/lang/String; @ 41
Event: 1044.422 Thread 0x000000001a488800 Uncommon trap: reason=unstable_if action=reinterpret pc=0x0000000003e11160 method=org.objectweb.asm.ClassReader.readUtf(II[C)Ljava/lang/String; @ 41
Event: 1044.525 Thread 0x0000000020d68000 Uncommon trap: reason=unstable_if action=reinterpret pc=0x0000000004eee970 method=org.gradle.internal.io.StreamByteBuffer$StreamByteBufferInputStream.readImpl([BII)I @ 49
Event: 1044.527 Thread 0x0000000020d68000 Uncommon trap: reason=unstable_if action=reinterpret pc=0x0000000004ef82f0 method=org.gradle.internal.io.StreamByteBuffer$StreamByteBufferInputStream.readImpl([BII)I @ 49
Event: 1044.636 Thread 0x000000001b827000 Uncommon trap: reason=class_check action=maybe_recompile pc=0x0000000005ce17e8 method=org.objectweb.asm.ClassReader.readField(Lorg/objectweb/asm/ClassVisitor;Lorg/objectweb/asm/Context;I)I @ 332
Event: 1044.644 Thread 0x000000001b81e800 Uncommon trap: reason=class_check action=maybe_recompile pc=0x0000000005ce17e8 method=org.objectweb.asm.ClassReader.readField(Lorg/objectweb/asm/ClassVisitor;Lorg/objectweb/asm/Context;I)I @ 332
Event: 1044.644 Thread 0x000000001b827000 Uncommon trap: reason=class_check action=maybe_recompile pc=0x0000000005ce17e8 method=org.objectweb.asm.ClassReader.readField(Lorg/objectweb/asm/ClassVisitor;Lorg/objectweb/asm/Context;I)I @ 332
Event: 1044.645 Thread 0x000000001b827000 Uncommon trap: reason=class_check action=maybe_recompile pc=0x0000000005ce17e8 method=org.objectweb.asm.ClassReader.readField(Lorg/objectweb/asm/ClassVisitor;Lorg/objectweb/asm/Context;I)I @ 332

Classes redefined (0 events):
No events

Internal exceptions (10 events):
Event: 1033.696 Thread 0x000000001a488800 Exception <a 'java/lang/NoSuchMethodError': <clinit>> (0x00000000eb18a0c8) thrown at [C:\src\AOSP-openjdk-git\hotspot\src\share\vm\prims\jni.cpp, line 1615]
Event: 1033.700 Thread 0x000000001a488800 Exception <a 'java/lang/NoSuchMethodError': <clinit>> (0x00000000eb1afed8) thrown at [C:\src\AOSP-openjdk-git\hotspot\src\share\vm\prims\jni.cpp, line 1615]
Event: 1033.713 Thread 0x000000001a488800 Exception <a 'java/lang/NoSuchMethodError': <clinit>> (0x00000000eb3250f8) thrown at [C:\src\AOSP-openjdk-git\hotspot\src\share\vm\prims\jni.cpp, line 1615]
Event: 1033.714 Thread 0x000000001a488800 Exception <a 'java/lang/NoSuchMethodError': <clinit>> (0x00000000eb3d7870) thrown at [C:\src\AOSP-openjdk-git\hotspot\src\share\vm\prims\jni.cpp, line 1615]
Event: 1044.425 Thread 0x000000001a488800 Exception <a 'sun/nio/fs/WindowsException'> (0x00000000ec9ff0e0) thrown at [C:\src\AOSP-openjdk-git\hotspot\src\share\vm\prims\jni.cpp, line 710]
Event: 1044.425 Thread 0x000000001a488800 Exception <a 'sun/nio/fs/WindowsException'> (0x00000000ec9ffe08) thrown at [C:\src\AOSP-openjdk-git\hotspot\src\share\vm\prims\jni.cpp, line 710]
Event: 1044.426 Thread 0x000000001a488800 Exception <a 'sun/nio/fs/WindowsException'> (0x00000000eca2a748) thrown at [C:\src\AOSP-openjdk-git\hotspot\src\share\vm\prims\jni.cpp, line 710]
Event: 1044.426 Thread 0x000000001a488800 Exception <a 'sun/nio/fs/WindowsException'> (0x00000000eca2b4b8) thrown at [C:\src\AOSP-openjdk-git\hotspot\src\share\vm\prims\jni.cpp, line 710]
Event: 1044.427 Thread 0x000000001a488800 Exception <a 'sun/nio/fs/WindowsException'> (0x00000000eca393b8) thrown at [C:\src\AOSP-openjdk-git\hotspot\src\share\vm\prims\jni.cpp, line 710]
Event: 1044.427 Thread 0x000000001a488800 Exception <a 'sun/nio/fs/WindowsException'> (0x00000000eca3a138) thrown at [C:\src\AOSP-openjdk-git\hotspot\src\share\vm\prims\jni.cpp, line 710]

Events (10 events):
Event: 1044.644 Thread 0x000000001b827000 Uncommon trap: trap_request=0xffffffde fr.pc=0x0000000005ce17e8
Event: 1044.644 Thread 0x000000001b827000 DEOPT PACKING pc=0x0000000005ce17e8 sp=0x000000001ff4d6d0
Event: 1044.644 Thread 0x000000001b827000 DEOPT UNPACKING pc=0x0000000002c6557b sp=0x000000001ff4d628 mode 2
Event: 1044.644 Thread 0x000000001b827000 Uncommon trap: trap_request=0xffffffde fr.pc=0x0000000005ce17e8
Event: 1044.645 Thread 0x000000001b827000 DEOPT PACKING pc=0x0000000005ce17e8 sp=0x000000001ff4d6d0
Event: 1044.645 Thread 0x000000001b827000 DEOPT UNPACKING pc=0x0000000002c6557b sp=0x000000001ff4d628 mode 2
Event: 1044.645 loading class it/unimi/dsi/fastutil/ints/IntOpenHashSet$SetIterator
Event: 1044.645 loading class it/unimi/dsi/fastutil/ints/IntOpenHashSet$SetIterator done
Event: 1044.689 Thread 0x000000001b81e800 DEOPT PACKING pc=0x0000000005cd2f3d sp=0x000000001fd4dd70
Event: 1044.689 Thread 0x000000001b81e800 DEOPT UNPACKING pc=0x0000000002c675d0 sp=0x000000001fd4da68 mode 0


Dynamic libraries:
0x00007ff68be00000 - 0x00007ff68be31000 	C:\Program Files\Android\Android Studio\jre\bin\java.exe
0x00007ffc47cf0000 - 0x00007ffc47ee5000 	C:\WINDOWS\SYSTEM32\ntdll.dll
0x00007ffc46720000 - 0x00007ffc467de000 	C:\WINDOWS\System32\KERNEL32.DLL
0x00007ffc45510000 - 0x00007ffc457d9000 	C:\WINDOWS\System32\KERNELBASE.dll
0x00007ffc47ae0000 - 0x00007ffc47b8c000 	C:\WINDOWS\System32\ADVAPI32.dll
0x00007ffc471f0000 - 0x00007ffc4728e000 	C:\WINDOWS\System32\msvcrt.dll
0x00007ffc469c0000 - 0x00007ffc46a5b000 	C:\WINDOWS\System32\sechost.dll
0x00007ffc45d40000 - 0x00007ffc45e6a000 	C:\WINDOWS\System32\RPCRT4.dll
0x00007ffc467e0000 - 0x00007ffc46981000 	C:\WINDOWS\System32\USER32.dll
0x00007ffc457e0000 - 0x00007ffc45802000 	C:\WINDOWS\System32\win32u.dll
0x00007ffc46990000 - 0x00007ffc469bb000 	C:\WINDOWS\System32\GDI32.dll
0x00007ffc45810000 - 0x00007ffc4591b000 	C:\WINDOWS\System32\gdi32full.dll
0x00007ffc45b10000 - 0x00007ffc45bad000 	C:\WINDOWS\System32\msvcp_win.dll
0x00007ffc45410000 - 0x00007ffc45510000 	C:\WINDOWS\System32\ucrtbase.dll
0x00007ffc320b0000 - 0x00007ffc3234a000 	C:\WINDOWS\WinSxS\amd64_microsoft.windows.common-controls_6595b64144ccf1df_6.0.19041.1110_none_60b5254171f9507e\COMCTL32.dll
0x00007ffc46fa0000 - 0x00007ffc46fd0000 	C:\WINDOWS\System32\IMM32.DLL
0x00000000659d0000 - 0x0000000065aa2000 	C:\Program Files\Android\Android Studio\jre\jre\bin\msvcr100.dll
0x0000000064af0000 - 0x000000006533b000 	C:\Program Files\Android\Android Studio\jre\jre\bin\server\jvm.dll
0x00007ffc46a60000 - 0x00007ffc46a68000 	C:\WINDOWS\System32\PSAPI.DLL
0x00007ffc26340000 - 0x00007ffc26349000 	C:\WINDOWS\SYSTEM32\WSOCK32.dll
0x00007ffc47b90000 - 0x00007ffc47bfb000 	C:\WINDOWS\System32\WS2_32.dll
0x00007ffc33650000 - 0x00007ffc33677000 	C:\WINDOWS\SYSTEM32\WINMM.dll
0x00007ffc362b0000 - 0x00007ffc362ba000 	C:\WINDOWS\SYSTEM32\VERSION.dll
0x00007ffc40990000 - 0x00007ffc4099f000 	C:\Program Files\Android\Android Studio\jre\jre\bin\verify.dll
0x00007ffc40960000 - 0x00007ffc40989000 	C:\Program Files\Android\Android Studio\jre\jre\bin\java.dll
0x00007ffc40940000 - 0x00007ffc40956000 	C:\Program Files\Android\Android Studio\jre\jre\bin\zip.dll
0x00007ffc47290000 - 0x00007ffc479cf000 	C:\WINDOWS\System32\SHELL32.dll
0x00007ffc434f0000 - 0x00007ffc43c80000 	C:\WINDOWS\SYSTEM32\windows.storage.dll
0x00007ffc46b00000 - 0x00007ffc46e55000 	C:\WINDOWS\System32\combase.dll
0x00007ffc44e60000 - 0x00007ffc44e8c000 	C:\WINDOWS\SYSTEM32\Wldp.dll
0x00007ffc47c00000 - 0x00007ffc47cad000 	C:\WINDOWS\System32\SHCORE.dll
0x00007ffc479d0000 - 0x00007ffc47a25000 	C:\WINDOWS\System32\shlwapi.dll
0x00007ffc45350000 - 0x00007ffc4536f000 	C:\WINDOWS\SYSTEM32\profapi.dll
0x00007ffc40920000 - 0x00007ffc4093a000 	C:\Program Files\Android\Android Studio\jre\jre\bin\net.dll
0x00007ffc44bc0000 - 0x00007ffc44c2a000 	C:\WINDOWS\system32\mswsock.dll
0x00007ffc3f410000 - 0x00007ffc3f423000 	C:\Program Files\Android\Android Studio\jre\jre\bin\nio.dll
0x00007ffc30330000 - 0x00007ffc30357000 	C:\Users\badni\.gradle\native\f6784746aeab05261644944871eae4fe03e0ef1612fff0a4a95f87b438bc6780\windows-amd64\native-platform.dll
0x00007ffc3f400000 - 0x00007ffc3f40d000 	C:\Program Files\Android\Android Studio\jre\jre\bin\management.dll
0x00007ffc44db0000 - 0x00007ffc44dc8000 	C:\WINDOWS\SYSTEM32\CRYPTSP.dll
0x00007ffc444d0000 - 0x00007ffc44504000 	C:\WINDOWS\system32\rsaenh.dll
0x00007ffc45920000 - 0x00007ffc45947000 	C:\WINDOWS\System32\bcrypt.dll
0x00007ffc452d0000 - 0x00007ffc452fe000 	C:\WINDOWS\SYSTEM32\USERENV.dll
0x00007ffc45c60000 - 0x00007ffc45ce3000 	C:\WINDOWS\System32\bcryptprimitives.dll
0x00007ffc44dd0000 - 0x00007ffc44ddc000 	C:\WINDOWS\SYSTEM32\CRYPTBASE.dll
0x00007ffc44860000 - 0x00007ffc4489b000 	C:\WINDOWS\SYSTEM32\IPHLPAPI.DLL
0x00007ffc471e0000 - 0x00007ffc471e8000 	C:\WINDOWS\System32\NSI.dll
0x00007ffc35e90000 - 0x00007ffc35ea7000 	C:\WINDOWS\SYSTEM32\dhcpcsvc6.DLL
0x00007ffc361e0000 - 0x00007ffc361fd000 	C:\WINDOWS\SYSTEM32\dhcpcsvc.DLL
0x00007ffc448a0000 - 0x00007ffc4496c000 	C:\WINDOWS\SYSTEM32\DNSAPI.dll
0x00007ffc36700000 - 0x00007ffc3670b000 	C:\WINDOWS\SYSTEM32\WINNSI.DLL
0x00007ffc3e0b0000 - 0x00007ffc3e0ce000 	C:\Users\badni\AppData\Local\Temp\native-platform418264700677644587dir\native-platform.dll

VM Arguments:
jvm_args: -Xmx2048m -Dfile.encoding=UTF-8 -Duser.country=US -Duser.language=en -Duser.variant 
java_command: org.gradle.launcher.daemon.bootstrap.GradleDaemon 6.5
java_class_path (initial): C:\Users\badni\.gradle\wrapper\dists\gradle-6.5-bin\6nifqtx7604sqp1q6g8wikw7p\gradle-6.5\lib\gradle-launcher-6.5.jar
Launcher Type: SUN_STANDARD

Environment Variables:
PATH=C:\Program Files (x86)\Razer\ChromaBroadcast\bin;C:\Program Files\Razer\ChromaBroadcast\bin;C:\Program Files\Common Files\Oracle\Java\javapath;C:\ProgramData\Oracle\Java\javapath;C:\Windows\system32;C:\Windows;C:\Windows\System32\Wbem;C:\Windows\System32\WindowsPowerShell\v1.0\;C:\Windows\System32\OpenSSH\;C:\Program Files (x86)\NVIDIA Corporation\PhysX\Common;C:\Program Files\NVIDIA Corporation\NVIDIA NvDLISR;C:\Users\badni\AppData\Local\Microsoft\WindowsApps;C:\adb;C:\Users\badni\AppData\Local\Programs\Python\Python37-32;C:\Users\badni\Anaconda3;C:\Users\badni\Anaconda3\Scripts;C:\Users\badni\Anaconda3\Library\bin;C:\Program Files (x86)\HP\Common\HPDestPlgIn\;C:\Program Files (x86)\Microsoft SQL Server\110\Tools\Binn\;C:\Program Files\Microsoft SQL Server\110\Tools\Binn\;C:\Program Files\Microsoft SQL Server\110\DTS\Binn\;C:\Program Files (x86)\Microsoft SQL Server\110\Tools\Binn\ManagementStudio\;C:\Program Files (x86)\Microsoft SQL Server\110\DTS\Binn\;C:\xampp\php;C:\ProgramData\ComposerSetup\bin;C:\Program Files\Git\cmd;C:\Program Files\RedHat\java-11-openjdk-11.0.7-1\bin;C:\Program Files\nodejs\;C:\Program Files\nodejs\node_modules\npm\bin;;%SystemRoot%\system32;%SystemRoot%;%SystemRoot%\System32\Wbem;%SYSTEMROOT%\System32\WindowsPowerShell\v1.0\;%SYSTEMROOT%\System32\OpenSSH\;C:\WINDOWS\system32\config\systemprofile\AppData\Local\Microsoft\WindowsApps;D:\Data\DATA\Mata_Kuliah\Github\FlutterSDK\flutter\bin;C:\Program Files\JetBrains\PyCharm 2021.1.1\bin;;C:\Users\badni\AppData\Local\Programs\Microsoft VS Code\bin;C:\Users\badni\AppData\Local\GitHubDesktop\bin;C:\Program Files\JetBrains\WebStorm 2021.2.2\bin;
USERNAME=badni
OS=Windows_NT
PROCESSOR_IDENTIFIER=Intel64 Family 6 Model 142 Stepping 11, GenuineIntel



---------------  S Y S T E M  ---------------

OS: Windows 10.0 , 64 bit Build 19041 (10.0.19041.1202)

CPU:total 4 (initial active 4) (4 cores per cpu, 2 threads per core) family 6 model 142 stepping 11, cmov, cx8, fxsr, mmx, sse, sse2, sse3, ssse3, sse4.1, sse4.2, popcnt, avx, avx2, clmul, erms, 3dnowpref, lzcnt, ht, tsc, tscinvbit, bmi1, bmi2, adx

Memory: 4k page, physical 12430584k(617788k free), swap 20819192k(6300k free)

vm_info: OpenJDK 64-Bit Server VM (25.242-b01) for windows-amd64 JRE (1.8.0_242-release-1644-b01), built by "builder" with MS VC++ 10.0 (VS2010)

time: Thu Nov 11 16:13:15 2021
timezone: SE Asia Standard Time
elapsed time: 1044 seconds (0d 0h 17m 24s)

